TN:
SF:routes/dataRoutes.js
FN:25,formatResponse
FN:48,(anonymous_1)
FN:88,(anonymous_2)
FN:102,(anonymous_3)
FN:120,(anonymous_4)
FN:146,(anonymous_5)
FN:164,(anonymous_6)
FN:185,(anonymous_7)
FN:194,(anonymous_8)
FN:232,(anonymous_9)
FN:242,(anonymous_10)
FN:266,(anonymous_11)
FN:321,(anonymous_12)
FN:322,(anonymous_13)
FN:347,(anonymous_14)
FN:369,(anonymous_15)
FN:403,(anonymous_16)
FN:414,(anonymous_17)
FN:447,(anonymous_18)
FNF:19
FNH:19
FNDA:4,formatResponse
FNDA:4,(anonymous_1)
FNDA:3,(anonymous_2)
FNDA:1,(anonymous_3)
FNDA:4,(anonymous_4)
FNDA:1,(anonymous_5)
FNDA:4,(anonymous_6)
FNDA:4,(anonymous_7)
FNDA:3,(anonymous_8)
FNDA:3,(anonymous_9)
FNDA:3,(anonymous_10)
FNDA:7,(anonymous_11)
FNDA:1,(anonymous_12)
FNDA:1,(anonymous_13)
FNDA:3,(anonymous_14)
FNDA:2,(anonymous_15)
FNDA:5,(anonymous_16)
FNDA:6,(anonymous_17)
FNDA:4,(anonymous_18)
DA:1,1
DA:2,1
DA:3,1
DA:8,1
DA:9,1
DA:11,1
DA:14,1
DA:17,1
DA:26,4
DA:29,4
DA:31,0
DA:35,4
DA:37,4
DA:44,0
DA:48,1
DA:49,4
DA:50,4
DA:51,4
DA:56,4
DA:57,0
DA:58,0
DA:60,4
DA:62,4
DA:64,2
DA:65,2
DA:66,2
DA:70,3
DA:73,2
DA:75,2
DA:82,1
DA:83,1
DA:88,1
DA:89,3
DA:90,3
DA:91,3
DA:92,3
DA:93,3
DA:95,3
DA:96,3
DA:98,3
DA:99,3
DA:102,2
DA:103,2
DA:105,2
DA:114,1
DA:115,1
DA:120,1
DA:121,4
DA:122,4
DA:123,4
DA:126,4
DA:129,3
DA:130,3
DA:131,3
DA:132,1
DA:135,2
DA:136,2
DA:137,2
DA:138,2
DA:140,2
DA:141,2
DA:143,1
DA:146,1
DA:147,1
DA:149,1
DA:158,1
DA:159,1
DA:164,1
DA:165,4
DA:166,4
DA:167,4
DA:170,4
DA:171,1
DA:173,3
DA:176,3
DA:177,1
DA:180,2
DA:185,4
DA:188,1
DA:189,1
DA:194,1
DA:195,3
DA:196,3
DA:197,3
DA:199,3
DA:200,0
DA:203,3
DA:204,3
DA:205,3
DA:206,3
DA:208,3
DA:210,3
DA:211,1
DA:214,2
DA:226,0
DA:227,0
DA:232,1
DA:233,3
DA:234,3
DA:235,3
DA:237,2
DA:238,1
DA:241,1
DA:242,1
DA:243,3
DA:244,2
DA:246,3
DA:252,1
DA:260,1
DA:261,1
DA:266,1
DA:267,7
DA:268,7
DA:275,7
DA:278,7
DA:279,7
DA:280,7
DA:283,7
DA:284,7
DA:286,1
DA:287,1
DA:288,0
DA:292,1
DA:293,1
DA:294,1
DA:299,1
DA:300,1
DA:301,0
DA:305,1
DA:313,1
DA:314,0
DA:318,1
DA:321,1
DA:322,1
DA:324,1
DA:341,5
DA:342,5
DA:347,1
DA:348,3
DA:349,3
DA:350,3
DA:352,3
DA:353,0
DA:357,3
DA:363,2
DA:364,1
DA:368,1
DA:369,1
DA:370,2
DA:371,2
DA:379,2
DA:385,1
DA:397,1
DA:398,1
DA:403,1
DA:404,5
DA:405,5
DA:406,5
DA:408,5
DA:409,1
DA:412,4
DA:413,4
DA:414,6
DA:415,0
DA:416,0
DA:418,0
DA:421,4
DA:422,4
DA:423,1
DA:426,3
DA:432,2
DA:441,1
DA:442,1
DA:447,1
DA:448,4
DA:449,4
DA:450,4
DA:452,4
DA:453,0
DA:456,4
DA:457,4
DA:459,3
DA:460,1
DA:463,2
DA:467,1
DA:468,1
DA:472,1
LF:187
LH:172
BRDA:25,0,0,0
BRDA:26,1,0,0
BRDA:26,1,1,4
BRDA:26,2,0,4
BRDA:26,2,1,4
BRDA:29,3,0,0
BRDA:29,3,1,4
BRDA:29,4,0,4
BRDA:29,4,1,0
BRDA:35,5,0,4
BRDA:35,5,1,0
BRDA:35,6,0,4
BRDA:35,6,1,4
BRDA:51,7,0,4
BRDA:51,8,0,4
BRDA:56,9,0,0
BRDA:56,9,1,4
BRDA:70,10,0,1
BRDA:70,10,1,2
BRDA:91,11,0,2
BRDA:91,12,0,2
BRDA:91,13,0,3
BRDA:95,14,0,1
BRDA:95,14,1,2
BRDA:95,15,0,3
BRDA:95,15,1,2
BRDA:96,16,0,1
BRDA:96,16,1,2
BRDA:96,17,0,3
BRDA:96,17,1,2
BRDA:123,18,0,4
BRDA:123,19,0,4
BRDA:123,20,0,4
BRDA:126,21,0,1
BRDA:126,21,1,3
BRDA:126,22,0,4
BRDA:126,22,1,3
BRDA:131,23,0,1
BRDA:131,23,1,2
BRDA:131,24,0,3
BRDA:131,24,1,2
BRDA:137,25,0,0
BRDA:137,25,1,2
BRDA:137,26,0,2
BRDA:137,26,1,2
BRDA:138,27,0,0
BRDA:138,27,1,2
BRDA:138,28,0,2
BRDA:138,28,1,2
BRDA:143,29,0,0
BRDA:143,29,1,1
BRDA:170,30,0,1
BRDA:170,30,1,3
BRDA:176,31,0,1
BRDA:176,31,1,2
BRDA:176,32,0,3
BRDA:176,32,1,3
BRDA:181,33,0,1
BRDA:181,33,1,1
BRDA:199,34,0,0
BRDA:199,34,1,3
BRDA:199,35,0,3
BRDA:199,35,1,3
BRDA:203,36,0,2
BRDA:205,37,0,0
BRDA:205,37,1,3
BRDA:205,38,0,3
BRDA:205,38,1,3
BRDA:206,39,0,0
BRDA:206,39,1,3
BRDA:210,40,0,1
BRDA:210,40,1,2
BRDA:210,41,0,3
BRDA:210,41,1,3
BRDA:237,42,0,1
BRDA:237,42,1,1
BRDA:237,43,0,2
BRDA:237,43,1,2
BRDA:243,44,0,2
BRDA:243,44,1,1
BRDA:270,45,0,5
BRDA:271,46,0,5
BRDA:272,47,0,6
BRDA:273,48,0,7
BRDA:274,49,0,7
BRDA:284,50,0,1
BRDA:284,50,1,1
BRDA:284,51,0,7
BRDA:284,51,1,1
BRDA:287,52,0,0
BRDA:287,52,1,1
BRDA:293,53,0,1
BRDA:293,53,1,0
BRDA:299,54,0,1
BRDA:299,54,1,0
BRDA:300,55,0,0
BRDA:300,55,1,1
BRDA:300,56,0,1
BRDA:300,56,1,1
BRDA:313,57,0,0
BRDA:313,57,1,1
BRDA:313,58,0,1
BRDA:313,58,1,1
BRDA:313,58,2,1
BRDA:325,59,0,0
BRDA:325,59,1,1
BRDA:326,60,0,0
BRDA:326,60,1,1
BRDA:326,61,0,0
BRDA:326,61,1,0
BRDA:327,62,0,0
BRDA:327,62,1,1
BRDA:327,63,0,0
BRDA:327,63,1,0
BRDA:336,64,0,0
BRDA:336,64,1,1
BRDA:352,65,0,0
BRDA:352,65,1,3
BRDA:352,66,0,3
BRDA:352,66,1,3
BRDA:363,67,0,1
BRDA:363,67,1,1
BRDA:363,68,0,2
BRDA:363,68,1,2
BRDA:363,68,2,2
BRDA:370,69,0,2
BRDA:370,69,1,0
BRDA:406,70,0,4
BRDA:406,71,0,3
BRDA:408,72,0,1
BRDA:408,72,1,4
BRDA:413,73,0,4
BRDA:413,73,1,0
BRDA:415,74,0,0
BRDA:415,74,1,0
BRDA:422,75,0,1
BRDA:422,75,1,3
BRDA:452,76,0,0
BRDA:452,76,1,4
BRDA:452,77,0,4
BRDA:452,77,1,4
BRDA:456,78,0,3
BRDA:459,79,0,1
BRDA:459,79,1,2
BRDA:459,80,0,3
BRDA:459,80,1,3
BRF:146
BRH:115
end_of_record
TN:
SF:services/dataFetchService.js
FN:12,initialize
FN:30,setupScheduledFetching
FN:34,(anonymous_2)
FN:51,fetchDataWithTracking
FN:62,(anonymous_4)
FN:67,(anonymous_5)
FN:68,(anonymous_6)
FN:70,(anonymous_7)
FN:110,fetchFromSource
FN:140,getCachedData
FNF:10
FNH:0
FNDA:0,initialize
FNDA:0,setupScheduledFetching
FNDA:0,(anonymous_2)
FNDA:0,fetchDataWithTracking
FNDA:0,(anonymous_4)
FNDA:0,(anonymous_5)
FNDA:0,(anonymous_6)
FNDA:0,(anonymous_7)
FNDA:0,fetchFromSource
FNDA:0,getCachedData
DA:1,1
DA:2,1
DA:3,1
DA:6,1
DA:7,1
DA:13,0
DA:14,0
DA:15,0
DA:16,0
DA:18,0
DA:19,0
DA:22,0
DA:23,0
DA:31,0
DA:34,0
DA:35,0
DA:36,0
DA:37,0
DA:39,0
DA:43,0
DA:52,0
DA:53,0
DA:56,0
DA:57,0
DA:58,0
DA:60,0
DA:62,0
DA:63,0
DA:66,0
DA:67,0
DA:68,0
DA:70,0
DA:73,0
DA:74,0
DA:75,0
DA:83,0
DA:85,0
DA:88,0
DA:95,0
DA:96,0
DA:111,0
DA:112,0
DA:113,0
DA:116,0
DA:117,0
DA:118,0
DA:121,0
DA:130,0
DA:131,0
DA:141,0
DA:142,0
DA:145,0
DA:147,0
DA:150,0
DA:152,0
DA:154,0
DA:155,0
DA:156,0
DA:158,0
DA:162,0
DA:163,0
DA:164,0
DA:166,0
DA:168,0
DA:169,0
DA:170,0
DA:172,0
DA:175,0
DA:177,0
DA:178,0
DA:182,1
LF:71
LH:6
BRDA:18,0,0,0
BRDA:18,0,1,0
BRDA:51,1,0,0
BRDA:52,2,0,0
BRDA:52,2,1,0
BRDA:67,3,0,0
BRDA:67,3,1,0
BRDA:73,4,0,0
BRDA:73,4,1,0
BRDA:83,5,0,0
BRDA:83,5,1,0
BRDA:116,6,0,0
BRDA:116,6,1,0
BRDA:116,7,0,0
BRDA:116,7,1,0
BRDA:126,8,0,0
BRDA:126,8,1,0
BRDA:141,9,0,0
BRDA:141,9,1,0
BRDA:152,10,0,0
BRDA:152,10,1,0
BRDA:155,11,0,0
BRDA:155,11,1,0
BRDA:166,12,0,0
BRDA:166,12,1,0
BRDA:169,13,0,0
BRDA:169,13,1,0
BRF:27
BRH:0
end_of_record
TN:
SF:services/databaseService.js
FN:7,registerUser
FN:24,loginUser
FN:46,refreshAccessToken
FN:69,logoutUser
FN:80,processRawData
FN:105,getTodayData
FN:116,getAllData
FN:138,getDataInRange
FN:154,(anonymous_8)
FN:162,storeHourlyPrices
FN:184,(anonymous_10)
FN:209,getHourlyPriceHistory
FN:230,cleanupOldHourlyData
FN:241,getAllHourlyData
FN:281,getChartData
FN:326,getSymbolsList
FN:349,getDailyDataForSymbol
FN:379,getActiveDataSources
FN:399,getLatestPrice
FNF:19
FNH:0
FNDA:0,registerUser
FNDA:0,loginUser
FNDA:0,refreshAccessToken
FNDA:0,logoutUser
FNDA:0,processRawData
FNDA:0,getTodayData
FNDA:0,getAllData
FNDA:0,getDataInRange
FNDA:0,(anonymous_8)
FNDA:0,storeHourlyPrices
FNDA:0,(anonymous_10)
FNDA:0,getHourlyPriceHistory
FNDA:0,cleanupOldHourlyData
FNDA:0,getAllHourlyData
FNDA:0,getChartData
FNDA:0,getSymbolsList
FNDA:0,getDailyDataForSymbol
FNDA:0,getActiveDataSources
FNDA:0,getLatestPrice
DA:1,1
DA:2,1
DA:8,0
DA:9,0
DA:10,0
DA:11,0
DA:14,0
DA:15,0
DA:17,0
DA:25,0
DA:26,0
DA:27,0
DA:28,0
DA:31,0
DA:32,0
DA:33,0
DA:35,0
DA:37,0
DA:39,0
DA:47,0
DA:48,0
DA:49,0
DA:52,0
DA:53,0
DA:55,0
DA:56,0
DA:59,0
DA:60,0
DA:62,0
DA:70,0
DA:71,0
DA:72,0
DA:74,0
DA:81,0
DA:82,0
DA:84,0
DA:85,0
DA:91,0
DA:99,0
DA:100,0
DA:106,0
DA:111,0
DA:112,0
DA:117,0
DA:122,0
DA:124,0
DA:125,0
DA:126,0
DA:129,0
DA:130,0
DA:132,0
DA:134,0
DA:139,0
DA:143,0
DA:145,0
DA:151,0
DA:153,0
DA:154,0
DA:163,0
DA:164,0
DA:165,0
DA:168,0
DA:169,0
DA:171,0
DA:172,0
DA:173,0
DA:175,0
DA:184,0
DA:194,0
DA:196,0
DA:197,0
DA:198,0
DA:200,0
DA:201,0
DA:202,0
DA:204,0
DA:210,0
DA:211,0
DA:221,0
DA:222,0
DA:224,0
DA:225,0
DA:231,0
DA:232,0
DA:233,0
DA:235,0
DA:236,0
DA:242,0
DA:243,0
DA:245,0
DA:246,0
DA:249,0
DA:250,0
DA:252,0
DA:253,0
DA:254,0
DA:257,0
DA:258,0
DA:266,0
DA:268,0
DA:273,0
DA:275,0
DA:276,0
DA:282,0
DA:283,0
DA:285,0
DA:286,0
DA:289,0
DA:295,0
DA:297,0
DA:313,0
DA:315,0
DA:317,0
DA:318,0
DA:327,0
DA:328,0
DA:336,0
DA:338,0
DA:339,0
DA:350,0
DA:351,0
DA:367,0
DA:368,0
DA:370,0
DA:371,0
DA:380,0
DA:381,0
DA:387,0
DA:389,0
DA:390,0
DA:400,0
DA:401,0
DA:408,0
DA:409,0
DA:411,0
DA:412,0
DA:418,1
LF:137
LH:3
BRDA:10,0,0,0
BRDA:10,0,1,0
BRDA:27,1,0,0
BRDA:27,1,1,0
BRDA:48,2,0,0
BRDA:48,2,1,0
BRDA:55,3,0,0
BRDA:55,3,1,0
BRDA:84,4,0,0
BRDA:84,4,1,0
BRDA:84,5,0,0
BRDA:84,5,1,0
BRDA:111,6,0,0
BRDA:111,6,1,0
BRDA:116,7,0,0
BRDA:116,8,0,0
BRDA:116,9,0,0
BRDA:116,10,0,0
BRDA:124,11,0,0
BRDA:124,11,1,0
BRDA:124,12,0,0
BRDA:124,12,1,0
BRDA:162,13,0,0
BRDA:163,14,0,0
BRDA:163,14,1,0
BRDA:163,15,0,0
BRDA:163,15,1,0
BRDA:169,16,0,0
BRDA:169,16,1,0
BRDA:189,17,0,0
BRDA:189,17,1,0
BRDA:209,18,0,0
BRDA:230,19,0,0
BRDA:241,20,0,0
BRDA:243,21,0,0
BRDA:243,22,0,0
BRDA:243,23,0,0
BRDA:243,24,0,0
BRDA:245,25,0,0
BRDA:245,25,1,0
BRDA:252,26,0,0
BRDA:252,26,1,0
BRDA:281,27,0,0
BRDA:283,28,0,0
BRDA:283,29,0,0
BRDA:283,30,0,0
BRDA:285,31,0,0
BRDA:285,31,1,0
BRDA:285,32,0,0
BRDA:285,32,1,0
BRDA:295,33,0,0
BRDA:295,33,1,0
BRDA:349,34,0,0
BRDA:409,35,0,0
BRDA:409,35,1,0
BRF:55
BRH:0
end_of_record
TN:
SF:utils/responseHandler.js
FN:1,sendSuccessResponse
FN:8,sendErrorResponse
FNF:2
FNH:2
FNDA:16,sendSuccessResponse
FNDA:24,sendErrorResponse
DA:2,16
DA:3,16
DA:4,16
DA:5,16
DA:9,24
DA:10,24
DA:15,1
LF:7
LH:7
BRDA:1,0,0,0
BRDA:1,1,0,2
BRDA:3,2,0,0
BRDA:3,2,1,16
BRDA:3,3,0,16
BRDA:3,3,1,16
BRDA:4,4,0,2
BRDA:4,4,1,14
BRDA:4,5,0,16
BRDA:4,5,1,14
BRDA:12,6,0,24
BRDA:12,6,1,24
BRF:12
BRH:10
end_of_record
