TN:
SF:routes/dataRoutes.js
FN:25,formatResponse
FN:48,(anonymous_1)
FN:87,(anonymous_2)
FN:101,(anonymous_3)
FN:118,(anonymous_4)
FN:144,(anonymous_5)
FN:161,(anonymous_6)
FN:182,(anonymous_7)
FN:190,(anonymous_8)
FN:228,(anonymous_9)
FN:238,(anonymous_10)
FN:261,(anonymous_11)
FN:316,(anonymous_12)
FN:317,(anonymous_13)
FN:342,(anonymous_14)
FN:364,(anonymous_15)
FN:398,(anonymous_16)
FN:409,(anonymous_17)
FN:441,(anonymous_18)
FNF:19
FNH:19
FNDA:4,formatResponse
FNDA:4,(anonymous_1)
FNDA:3,(anonymous_2)
FNDA:1,(anonymous_3)
FNDA:4,(anonymous_4)
FNDA:1,(anonymous_5)
FNDA:4,(anonymous_6)
FNDA:4,(anonymous_7)
FNDA:3,(anonymous_8)
FNDA:3,(anonymous_9)
FNDA:3,(anonymous_10)
FNDA:7,(anonymous_11)
FNDA:1,(anonymous_12)
FNDA:1,(anonymous_13)
FNDA:3,(anonymous_14)
FNDA:2,(anonymous_15)
FNDA:5,(anonymous_16)
FNDA:6,(anonymous_17)
FNDA:4,(anonymous_18)
DA:1,1
DA:2,1
DA:3,1
DA:8,1
DA:9,1
DA:11,1
DA:14,1
DA:17,1
DA:26,4
DA:29,4
DA:31,0
DA:35,4
DA:37,4
DA:44,0
DA:48,1
DA:49,4
DA:50,4
DA:51,4
DA:56,4
DA:57,0
DA:58,0
DA:60,4
DA:62,4
DA:64,2
DA:65,2
DA:66,2
DA:70,3
DA:73,2
DA:75,2
DA:82,1
DA:87,1
DA:88,3
DA:89,3
DA:90,3
DA:91,3
DA:92,3
DA:94,3
DA:95,3
DA:97,3
DA:98,3
DA:101,2
DA:102,2
DA:104,2
DA:113,1
DA:118,1
DA:119,4
DA:120,4
DA:121,4
DA:124,4
DA:127,3
DA:128,3
DA:129,3
DA:130,1
DA:133,2
DA:134,2
DA:135,2
DA:136,2
DA:138,2
DA:139,2
DA:141,1
DA:144,1
DA:145,1
DA:147,1
DA:156,1
DA:161,1
DA:162,4
DA:163,4
DA:164,4
DA:167,4
DA:168,1
DA:170,3
DA:173,3
DA:174,1
DA:177,2
DA:182,4
DA:185,1
DA:190,1
DA:191,3
DA:192,3
DA:193,3
DA:195,3
DA:196,0
DA:199,3
DA:200,3
DA:201,3
DA:202,3
DA:204,3
DA:206,3
DA:207,1
DA:210,2
DA:222,0
DA:223,0
DA:228,1
DA:229,3
DA:230,3
DA:231,3
DA:233,2
DA:234,1
DA:237,1
DA:238,1
DA:239,3
DA:240,2
DA:242,3
DA:248,1
DA:256,1
DA:261,1
DA:262,7
DA:263,7
DA:270,7
DA:273,7
DA:274,7
DA:275,7
DA:278,7
DA:279,7
DA:281,1
DA:282,1
DA:283,0
DA:287,1
DA:288,1
DA:289,1
DA:294,1
DA:295,1
DA:296,0
DA:300,1
DA:308,1
DA:309,0
DA:313,1
DA:316,1
DA:317,1
DA:319,1
DA:336,5
DA:337,5
DA:342,1
DA:343,3
DA:344,3
DA:345,3
DA:347,3
DA:348,0
DA:352,3
DA:358,2
DA:359,1
DA:363,1
DA:364,1
DA:365,2
DA:366,2
DA:374,2
DA:380,1
DA:392,1
DA:393,1
DA:398,1
DA:399,5
DA:400,5
DA:401,5
DA:403,5
DA:404,1
DA:407,4
DA:408,4
DA:409,6
DA:410,0
DA:411,0
DA:413,0
DA:416,4
DA:417,4
DA:418,1
DA:421,3
DA:427,2
DA:436,1
DA:441,1
DA:442,4
DA:443,4
DA:444,4
DA:446,4
DA:447,0
DA:450,4
DA:451,4
DA:453,3
DA:454,1
DA:457,2
DA:461,1
DA:462,1
DA:466,1
LF:181
LH:166
BRDA:25,0,0,0
BRDA:26,1,0,0
BRDA:26,1,1,4
BRDA:26,2,0,4
BRDA:26,2,1,4
BRDA:29,3,0,0
BRDA:29,3,1,4
BRDA:29,4,0,4
BRDA:29,4,1,0
BRDA:35,5,0,4
BRDA:35,5,1,0
BRDA:35,6,0,4
BRDA:35,6,1,4
BRDA:51,7,0,4
BRDA:51,8,0,4
BRDA:56,9,0,0
BRDA:56,9,1,4
BRDA:70,10,0,1
BRDA:70,10,1,2
BRDA:90,11,0,2
BRDA:90,12,0,2
BRDA:90,13,0,3
BRDA:94,14,0,1
BRDA:94,14,1,2
BRDA:94,15,0,3
BRDA:94,15,1,2
BRDA:95,16,0,1
BRDA:95,16,1,2
BRDA:95,17,0,3
BRDA:95,17,1,2
BRDA:121,18,0,4
BRDA:121,19,0,4
BRDA:121,20,0,4
BRDA:124,21,0,1
BRDA:124,21,1,3
BRDA:124,22,0,4
BRDA:124,22,1,3
BRDA:129,23,0,1
BRDA:129,23,1,2
BRDA:129,24,0,3
BRDA:129,24,1,2
BRDA:135,25,0,0
BRDA:135,25,1,2
BRDA:135,26,0,2
BRDA:135,26,1,2
BRDA:136,27,0,0
BRDA:136,27,1,2
BRDA:136,28,0,2
BRDA:136,28,1,2
BRDA:141,29,0,0
BRDA:141,29,1,1
BRDA:167,30,0,1
BRDA:167,30,1,3
BRDA:173,31,0,1
BRDA:173,31,1,2
BRDA:173,32,0,3
BRDA:173,32,1,3
BRDA:178,33,0,1
BRDA:178,33,1,1
BRDA:195,34,0,0
BRDA:195,34,1,3
BRDA:195,35,0,3
BRDA:195,35,1,3
BRDA:199,36,0,2
BRDA:201,37,0,0
BRDA:201,37,1,3
BRDA:201,38,0,3
BRDA:201,38,1,3
BRDA:202,39,0,0
BRDA:202,39,1,3
BRDA:206,40,0,1
BRDA:206,40,1,2
BRDA:206,41,0,3
BRDA:206,41,1,3
BRDA:233,42,0,1
BRDA:233,42,1,1
BRDA:233,43,0,2
BRDA:233,43,1,2
BRDA:239,44,0,2
BRDA:239,44,1,1
BRDA:265,45,0,5
BRDA:266,46,0,5
BRDA:267,47,0,6
BRDA:268,48,0,7
BRDA:269,49,0,7
BRDA:279,50,0,1
BRDA:279,50,1,1
BRDA:279,51,0,7
BRDA:279,51,1,1
BRDA:282,52,0,0
BRDA:282,52,1,1
BRDA:288,53,0,1
BRDA:288,53,1,0
BRDA:294,54,0,1
BRDA:294,54,1,0
BRDA:295,55,0,0
BRDA:295,55,1,1
BRDA:295,56,0,1
BRDA:295,56,1,1
BRDA:308,57,0,0
BRDA:308,57,1,1
BRDA:308,58,0,1
BRDA:308,58,1,1
BRDA:308,58,2,1
BRDA:320,59,0,0
BRDA:320,59,1,1
BRDA:321,60,0,0
BRDA:321,60,1,1
BRDA:321,61,0,0
BRDA:321,61,1,0
BRDA:322,62,0,0
BRDA:322,62,1,1
BRDA:322,63,0,0
BRDA:322,63,1,0
BRDA:331,64,0,0
BRDA:331,64,1,1
BRDA:347,65,0,0
BRDA:347,65,1,3
BRDA:347,66,0,3
BRDA:347,66,1,3
BRDA:358,67,0,1
BRDA:358,67,1,1
BRDA:358,68,0,2
BRDA:358,68,1,2
BRDA:358,68,2,2
BRDA:365,69,0,2
BRDA:365,69,1,0
BRDA:401,70,0,4
BRDA:401,71,0,3
BRDA:403,72,0,1
BRDA:403,72,1,4
BRDA:408,73,0,4
BRDA:408,73,1,0
BRDA:410,74,0,0
BRDA:410,74,1,0
BRDA:417,75,0,1
BRDA:417,75,1,3
BRDA:446,76,0,0
BRDA:446,76,1,4
BRDA:446,77,0,4
BRDA:446,77,1,4
BRDA:450,78,0,3
BRDA:453,79,0,1
BRDA:453,79,1,2
BRDA:453,80,0,3
BRDA:453,80,1,3
BRF:146
BRH:115
end_of_record
TN:
SF:services/dataFetchService.js
FN:12,initialize
FN:30,setupScheduledFetching
FN:34,(anonymous_2)
FN:51,fetchDataWithTracking
FN:62,(anonymous_4)
FN:67,(anonymous_5)
FN:68,(anonymous_6)
FN:70,(anonymous_7)
FN:110,fetchFromSource
FN:140,getCachedData
FNF:10
FNH:0
FNDA:0,initialize
FNDA:0,setupScheduledFetching
FNDA:0,(anonymous_2)
FNDA:0,fetchDataWithTracking
FNDA:0,(anonymous_4)
FNDA:0,(anonymous_5)
FNDA:0,(anonymous_6)
FNDA:0,(anonymous_7)
FNDA:0,fetchFromSource
FNDA:0,getCachedData
DA:1,1
DA:2,1
DA:3,1
DA:6,1
DA:7,1
DA:13,0
DA:14,0
DA:15,0
DA:16,0
DA:18,0
DA:19,0
DA:22,0
DA:23,0
DA:31,0
DA:34,0
DA:35,0
DA:36,0
DA:37,0
DA:39,0
DA:43,0
DA:52,0
DA:53,0
DA:56,0
DA:57,0
DA:58,0
DA:60,0
DA:62,0
DA:63,0
DA:66,0
DA:67,0
DA:68,0
DA:70,0
DA:73,0
DA:74,0
DA:75,0
DA:83,0
DA:85,0
DA:88,0
DA:95,0
DA:96,0
DA:111,0
DA:112,0
DA:113,0
DA:116,0
DA:117,0
DA:118,0
DA:121,0
DA:130,0
DA:131,0
DA:141,0
DA:142,0
DA:145,0
DA:147,0
DA:150,0
DA:152,0
DA:154,0
DA:155,0
DA:156,0
DA:158,0
DA:162,0
DA:163,0
DA:164,0
DA:166,0
DA:168,0
DA:169,0
DA:170,0
DA:172,0
DA:175,0
DA:177,0
DA:178,0
DA:182,1
LF:71
LH:6
BRDA:18,0,0,0
BRDA:18,0,1,0
BRDA:51,1,0,0
BRDA:52,2,0,0
BRDA:52,2,1,0
BRDA:67,3,0,0
BRDA:67,3,1,0
BRDA:73,4,0,0
BRDA:73,4,1,0
BRDA:83,5,0,0
BRDA:83,5,1,0
BRDA:116,6,0,0
BRDA:116,6,1,0
BRDA:116,7,0,0
BRDA:116,7,1,0
BRDA:126,8,0,0
BRDA:126,8,1,0
BRDA:141,9,0,0
BRDA:141,9,1,0
BRDA:152,10,0,0
BRDA:152,10,1,0
BRDA:155,11,0,0
BRDA:155,11,1,0
BRDA:166,12,0,0
BRDA:166,12,1,0
BRDA:169,13,0,0
BRDA:169,13,1,0
BRF:27
BRH:0
end_of_record
TN:
SF:services/databaseService.js
FN:7,registerUser
FN:24,loginUser
FN:46,refreshAccessToken
FN:69,logoutUser
FN:80,processRawData
FN:105,getTodayData
FN:116,getAllData
FN:138,getDataInRange
FN:154,(anonymous_8)
FN:162,storeHourlyPrices
FN:184,(anonymous_10)
FN:209,getHourlyPriceHistory
FN:230,cleanupOldHourlyData
FN:241,getAllHourlyData
FN:281,getChartData
FN:326,getSymbolsList
FN:349,getDailyDataForSymbol
FN:379,getActiveDataSources
FN:399,getLatestPrice
FNF:19
FNH:0
FNDA:0,registerUser
FNDA:0,loginUser
FNDA:0,refreshAccessToken
FNDA:0,logoutUser
FNDA:0,processRawData
FNDA:0,getTodayData
FNDA:0,getAllData
FNDA:0,getDataInRange
FNDA:0,(anonymous_8)
FNDA:0,storeHourlyPrices
FNDA:0,(anonymous_10)
FNDA:0,getHourlyPriceHistory
FNDA:0,cleanupOldHourlyData
FNDA:0,getAllHourlyData
FNDA:0,getChartData
FNDA:0,getSymbolsList
FNDA:0,getDailyDataForSymbol
FNDA:0,getActiveDataSources
FNDA:0,getLatestPrice
DA:1,1
DA:2,1
DA:8,0
DA:9,0
DA:10,0
DA:11,0
DA:14,0
DA:15,0
DA:17,0
DA:25,0
DA:26,0
DA:27,0
DA:28,0
DA:31,0
DA:32,0
DA:33,0
DA:35,0
DA:37,0
DA:39,0
DA:47,0
DA:48,0
DA:49,0
DA:52,0
DA:53,0
DA:55,0
DA:56,0
DA:59,0
DA:60,0
DA:62,0
DA:70,0
DA:71,0
DA:72,0
DA:74,0
DA:81,0
DA:82,0
DA:84,0
DA:85,0
DA:91,0
DA:99,0
DA:100,0
DA:106,0
DA:111,0
DA:112,0
DA:117,0
DA:122,0
DA:124,0
DA:125,0
DA:126,0
DA:129,0
DA:130,0
DA:132,0
DA:134,0
DA:139,0
DA:143,0
DA:145,0
DA:151,0
DA:153,0
DA:154,0
DA:163,0
DA:164,0
DA:165,0
DA:168,0
DA:169,0
DA:171,0
DA:172,0
DA:173,0
DA:175,0
DA:184,0
DA:194,0
DA:196,0
DA:197,0
DA:198,0
DA:200,0
DA:201,0
DA:202,0
DA:204,0
DA:210,0
DA:211,0
DA:221,0
DA:222,0
DA:224,0
DA:225,0
DA:231,0
DA:232,0
DA:233,0
DA:235,0
DA:236,0
DA:242,0
DA:243,0
DA:245,0
DA:246,0
DA:249,0
DA:250,0
DA:252,0
DA:253,0
DA:254,0
DA:257,0
DA:258,0
DA:266,0
DA:268,0
DA:273,0
DA:275,0
DA:276,0
DA:282,0
DA:283,0
DA:285,0
DA:286,0
DA:289,0
DA:295,0
DA:297,0
DA:313,0
DA:315,0
DA:317,0
DA:318,0
DA:327,0
DA:328,0
DA:336,0
DA:338,0
DA:339,0
DA:350,0
DA:351,0
DA:367,0
DA:368,0
DA:370,0
DA:371,0
DA:380,0
DA:381,0
DA:387,0
DA:389,0
DA:390,0
DA:400,0
DA:401,0
DA:408,0
DA:409,0
DA:411,0
DA:412,0
DA:418,1
LF:137
LH:3
BRDA:10,0,0,0
BRDA:10,0,1,0
BRDA:27,1,0,0
BRDA:27,1,1,0
BRDA:48,2,0,0
BRDA:48,2,1,0
BRDA:55,3,0,0
BRDA:55,3,1,0
BRDA:84,4,0,0
BRDA:84,4,1,0
BRDA:84,5,0,0
BRDA:84,5,1,0
BRDA:111,6,0,0
BRDA:111,6,1,0
BRDA:116,7,0,0
BRDA:116,8,0,0
BRDA:116,9,0,0
BRDA:116,10,0,0
BRDA:124,11,0,0
BRDA:124,11,1,0
BRDA:124,12,0,0
BRDA:124,12,1,0
BRDA:162,13,0,0
BRDA:163,14,0,0
BRDA:163,14,1,0
BRDA:163,15,0,0
BRDA:163,15,1,0
BRDA:169,16,0,0
BRDA:169,16,1,0
BRDA:189,17,0,0
BRDA:189,17,1,0
BRDA:209,18,0,0
BRDA:230,19,0,0
BRDA:241,20,0,0
BRDA:243,21,0,0
BRDA:243,22,0,0
BRDA:243,23,0,0
BRDA:243,24,0,0
BRDA:245,25,0,0
BRDA:245,25,1,0
BRDA:252,26,0,0
BRDA:252,26,1,0
BRDA:281,27,0,0
BRDA:283,28,0,0
BRDA:283,29,0,0
BRDA:283,30,0,0
BRDA:285,31,0,0
BRDA:285,31,1,0
BRDA:285,32,0,0
BRDA:285,32,1,0
BRDA:295,33,0,0
BRDA:295,33,1,0
BRDA:349,34,0,0
BRDA:409,35,0,0
BRDA:409,35,1,0
BRF:55
BRH:0
end_of_record
TN:
SF:utils/responseHandler.js
FN:1,sendSuccessResponse
FN:8,sendErrorResponse
FNF:2
FNH:2
FNDA:16,sendSuccessResponse
FNDA:17,sendErrorResponse
DA:2,16
DA:3,16
DA:4,16
DA:5,16
DA:9,17
DA:10,17
DA:15,1
LF:7
LH:7
BRDA:1,0,0,0
BRDA:1,1,0,2
BRDA:3,2,0,0
BRDA:3,2,1,16
BRDA:3,3,0,16
BRDA:3,3,1,16
BRDA:4,4,0,2
BRDA:4,4,1,14
BRDA:4,5,0,16
BRDA:4,5,1,14
BRDA:12,6,0,17
BRDA:12,6,1,17
BRF:12
BRH:10
end_of_record
